<?xml version="1.0" encoding="UTF-8"?>
<Site BuildName="Linux-g++"
	BuildStamp="20230906-0910-Experimental"
	Name="luigi-asus-x540ma"
	Generator="ctest-3.16.3"
	CompilerName="/usr/bin/g++"
	CompilerVersion="9.4.0"
	OSName="Linux"
	Hostname="luigi-asus-x540ma"
	OSRelease="5.15.0-82-generic"
	OSVersion="#91~20.04.1-Ubuntu SMP Fri Aug 18 16:24:39 UTC 2023"
	OSPlatform="x86_64"
	Is64Bits="1"
	VendorString="GenuineIntel"
	VendorID="Intel Corporation"
	FamilyID="6"
	ModelID="122"
	ProcessorCacheSize="4096"
	NumberOfLogicalCPU="2"
	NumberOfPhysicalCPU="2"
	TotalVirtualMemory="2047"
	TotalPhysicalMemory="3734"
	LogicalProcessorsPerPhysical="1"
	ProcessorClockFrequency="2334.38"
	>
	<Testing>
		<StartDateTime>Sep 06 20:05 IST</StartDateTime>
		<StartTestTime>1694027145</StartTestTime>
		<TestList/>
		<EndDateTime>Sep 06 20:05 IST</EndDateTime>
		<EndTestTime>1694027145</EndTestTime>
		<ElapsedMinutes>0</ElapsedMinutes>
	</Testing>
</Site>
